<?xml version="1.0" encoding="UTF-8"?>
<!-- Generated by org.testng.reporters.JUnitReportReporter -->
<testsuite hostname="DESKTOP-5R7CBE7" failures="0" tests="1" name="Qrg.Qafox_Project.Desktop.Desktop_Pc_Test" time="6.499" errors="0" timestamp="2025-01-28T20:43:45 IST" skipped="0">
  <testcase classname="Qrg.Qafox_Project.Desktop.Desktop_Pc_Test" name="addProduct_Desktop_Pc" time="6.499"/>
  <system-out>
    <![CDATA[Desktops_Mac_Product Added]]>
  </system-out>
</testsuite> <!-- Qrg.Qafox_Project.Desktop.Desktop_Pc_Test -->
